Arguments: 
  /usr/local/bin/node /usr/local/bin/yarn start

PATH: 
  /usr/local/bin:/usr/bin:/bin:/usr/sbin:/sbin:/Library/Frameworks/Mono.framework/Versions/Current/Commands

Yarn version: 
  1.5.1

Node version: 
  8.11.1

Platform: 
  darwin x64

npm manifest: 
  {
    "name": "danfw",
    "version": "3.0.0",
    "description": "Dan Frameworks",
    "main": "index.js",
    "scripts": {
      "start": "webpack-dashboard -- node webpack/dev.js",
      "webpack": "node webpack/dev.js",
      "build": "node webpack/prod.js"
    },
    "keywords": [
      "frameworks",
      "dan",
      "danparis"
    ],
    "author": "sidney.bourgalle",
    "license": "ISC",
    "devDependencies": {
      "async": "^2.6.0",
      "autoprefixer": "^7.2.5",
      "babel-core": "^6.26.0",
      "babel-loader": "^7.1.2",
      "babel-polyfill": "^6.26.0",
      "babel-preset-env": "^1.6.1",
      "babel-preset-react": "^6.24.1",
      "chalk": "^2.4.1",
      "clean-webpack-plugin": "^0.1.17",
      "copy-webpack-plugin": "^4.3.1",
      "cross-port-killer": "^1.0.1",
      "css-loader": "^0.28.9",
      "express": "^4.16.2",
      "glslify-loader": "^1.0.2",
      "html-minifier": "^3.5.8",
      "html-webpack-plugin": "^2.30.1",
      "json-loader": "^0.5.7",
      "minimist": "^1.2.0",
      "node-sass": "^4.7.2",
      "postcss-loader": "^2.0.10",
      "raw-loader": "^0.5.1",
      "sass-loader": "^6.0.6",
      "style-loader": "^0.19.1",
      "uglifyjs-webpack-plugin": "^1.2.0",
      "watch": "^1.0.2",
      "webpack": "^3.11.0",
      "webpack-dashboard": "^1.1.1",
      "webpack-dev-server": "^2.11.2",
      "webpack-merge": "^4.1.1",
      "whatwg-fetch": "^2.0.3",
      "yaml-loader": "^0.5.0"
    },
    "dependencies": {
      "animejs": "^2.2.0",
      "mini-signals": "^1.2.0",
      "preact": "^8.2.7",
      "preact-compat": "^3.18.0",
      "react": "^16.3.2",
      "react-dom": "^16.3.2",
      "uniqid": "^4.1.1",
      "webfontloader": "^1.6.28"
    }
  }

yarn manifest: 
  No manifest

Lockfile: 
  No lockfile

Trace: 
  Error: Command failed.
  Exit code: 127
  Command: sh
  Arguments: -c webpack-dashboard -- node webpack/dev.js
  Directory: /Users/tlemoign/Desktop/Missions/Perso/dan-framework/template
  Output:
  
      at ProcessTermError.MessageError (/usr/local/lib/node_modules/yarn/lib/cli.js:186:110)
      at new ProcessTermError (/usr/local/lib/node_modules/yarn/lib/cli.js:226:113)
      at ChildProcess.<anonymous> (/usr/local/lib/node_modules/yarn/lib/cli.js:30281:17)
      at emitTwo (events.js:126:13)
      at ChildProcess.emit (events.js:214:7)
      at maybeClose (internal/child_process.js:925:16)
      at Process.ChildProcess._handle.onexit (internal/child_process.js:209:5)
